This is pdfTeX, Version 3.141592653-2.6-1.40.25 (MiKTeX 23.4) (preloaded format=pdflatex 2023.5.30)  12 JUN 2023 20:47
entering extended mode
 restricted \write18 enabled.
 %&-line parsing enabled.
**./tese.tex
(tese.tex
LaTeX2e <2022-11-01> patch level 1
L3 programming layer <2023-03-30> (ita.cls
Document Class: ita 2006/03/10 v2.0 Classe de documento com padrões do ITA
(C:\Users\arthu\AppData\Local\Programs\MiKTeX\tex/generic/iftex\ifpdf.sty
Package: ifpdf 2019/10/25 v3.4 ifpdf legacy package. Use iftex instead.

(C:\Users\arthu\AppData\Local\Programs\MiKTeX\tex/generic/iftex\iftex.sty
Package: iftex 2022/02/03 v1.0f TeX engine tests
))
(defaults.def) (tg.def)
(C:\Users\arthu\AppData\Local\Programs\MiKTeX\tex/latex/base\book.cls
Document Class: book 2022/07/02 v1.4n Standard LaTeX document class
(C:\Users\arthu\AppData\Local\Programs\MiKTeX\tex/latex/base\bk12.clo
File: bk12.clo 2022/07/02 v1.4n Standard LaTeX file (size option)
)
\c@part=\count185
\c@chapter=\count186
\c@section=\count187
\c@subsection=\count188
\c@subsubsection=\count189
\c@paragraph=\count190
\c@subparagraph=\count191
\c@figure=\count192
\c@table=\count193
\abovecaptionskip=\skip48
\belowcaptionskip=\skip49
\bibindent=\dimen140
)
(C:\Users\arthu\AppData\Local\Programs\MiKTeX\tex/latex/tools\calc.sty
Package: calc 2017/05/25 v4.3 Infix arithmetic (KKT,FJ)
\calc@Acount=\count194
\calc@Bcount=\count195
\calc@Adimen=\dimen141
\calc@Bdimen=\dimen142
\calc@Askip=\skip50
\calc@Bskip=\skip51
LaTeX Info: Redefining \setlength on input line 80.
LaTeX Info: Redefining \addtolength on input line 81.
\calc@Ccount=\count196
\calc@Cskip=\skip52
)
(C:\Users\arthu\AppData\Local\Programs\MiKTeX\tex/latex/base\ifthen.sty
Package: ifthen 2022/04/13 v1.1d Standard LaTeX ifthen package (DPC)
)
(C:\Users\arthu\AppData\Local\Programs\MiKTeX\tex/generic/babel\babel.sty
Package: babel 2023/03/28 3.87 The Babel package
\babel@savecnt=\count197
\U@D=\dimen143
\l@unhyphenated=\language79

(C:\Users\arthu\AppData\Local\Programs\MiKTeX\tex/generic/babel\txtbabel.def)
\bbl@readstream=\read2
\bbl@dirlevel=\count198

*************************************
* Local config file bblopts.cfg used
*
(C:\Users\arthu\AppData\Local\Programs\MiKTeX\tex/latex/arabi\bblopts.cfg
File: bblopts.cfg 2005/09/08 v0.1 add Arabic and Farsi to "declared" options of
 babel
)
(C:\Users\arthu\AppData\Local\Programs\MiKTeX\tex/latex/babel-english\english.l
df
Language: english 2017/06/06 v3.3r English support from the babel system
Package babel Info: Hyphen rules for 'canadian' set to \l@english
(babel)             (\language0). Reported on input line 102.
Package babel Info: Hyphen rules for 'australian' set to \l@ukenglish
(babel)             (\language73). Reported on input line 105.
Package babel Info: Hyphen rules for 'newzealand' set to \l@ukenglish
(babel)             (\language73). Reported on input line 108.
))
(C:\Users\arthu\AppData\Local\Programs\MiKTeX\tex/generic/babel/locale/en\babel
-english.tex
Package babel Info: Importing font and identification data for english
(babel)             from babel-en.ini. Reported on input line 11.
) (itaeng.babel)
(C:\Users\arthu\AppData\Local\Programs\MiKTeX\tex/latex/base\inputenc.sty
Package: inputenc 2021/02/14 v1.3d Input encoding file
\inpenc@prehook=\toks16
\inpenc@posthook=\toks17

(C:\Users\arthu\AppData\Local\Programs\MiKTeX\tex/latex/base\latin1.def
File: latin1.def 2021/02/14 v1.3d Input encoding file
))
(C:\Users\arthu\AppData\Local\Programs\MiKTeX\tex/latex/setspace\setspace.sty
Package: setspace 2022/12/04 v6.7b set line spacing
)
(C:\Users\arthu\AppData\Local\Programs\MiKTeX\tex/latex/fancyhdr\fancyhdr.sty
Package: fancyhdr 2022/11/09 v4.1 Extensive control of page headers and footers

\f@nch@headwidth=\skip53
\f@nch@O@elh=\skip54
\f@nch@O@erh=\skip55
\f@nch@O@olh=\skip56
\f@nch@O@orh=\skip57
\f@nch@O@elf=\skip58
\f@nch@O@erf=\skip59
\f@nch@O@olf=\skip60
\f@nch@O@orf=\skip61
)
(C:\Users\arthu\AppData\Local\Programs\MiKTeX\tex/latex/amsfonts\amsfonts.sty
Package: amsfonts 2013/01/14 v3.01 Basic AMSFonts support
\@emptytoks=\toks18
\symAMSa=\mathgroup4
\symAMSb=\mathgroup5
LaTeX Font Info:    Redeclaring math symbol \hbar on input line 98.
LaTeX Font Info:    Overwriting math alphabet `\mathfrak' in version `bold'
(Font)                  U/euf/m/n --> U/euf/b/n on input line 106.
)
(C:\Users\arthu\AppData\Local\Programs\MiKTeX\tex/latex/lastpage\lastpage.sty
Package: lastpage 2023/04/12 v2.0b lastpage: 2.09 or 2e? (HMM)

(C:\Users\arthu\AppData\Local\Programs\MiKTeX\tex/latex/lastpage\lastpage2e.sty
Package: lastpage2e 2023/04/12 v2.0b Decide which 2e lastpage version to use (H
MM)

(C:\Users\arthu\AppData\Local\Programs\MiKTeX\tex/latex/lastpage\lastpagemodern
.sty
Package: lastpagemodern 2023-04-12 v2.0b Refers to last page's name (HMM; JPG)
) 
))
(C:\Users\arthu\AppData\Local\Programs\MiKTeX\tex/latex/tools\indentfirst.sty
Package: indentfirst 1995/11/23 v1.03 Indent first paragraph (DPC)
)
(C:\Users\arthu\AppData\Local\Programs\MiKTeX\tex/latex/caption\caption.sty
Package: caption 2023/03/12 v3.6j Customizing captions (AR)

(C:\Users\arthu\AppData\Local\Programs\MiKTeX\tex/latex/caption\caption3.sty
Package: caption3 2023/03/12 v2.4 caption3 kernel (AR)

(C:\Users\arthu\AppData\Local\Programs\MiKTeX\tex/latex/graphics\keyval.sty
Package: keyval 2022/05/29 v1.15 key=value parser (DPC)
\KV@toks@=\toks19
)
\caption@tempdima=\dimen144
\captionmargin=\dimen145
\caption@leftmargin=\dimen146
\caption@rightmargin=\dimen147
\caption@width=\dimen148
\caption@indent=\dimen149
\caption@parindent=\dimen150
\caption@hangindent=\dimen151
Package caption Info: Standard document class detected.
)
\c@caption@flags=\count199
\c@continuedfloat=\count266
)
(C:\Users\arthu\AppData\Local\Programs\MiKTeX\tex/latex/tools\longtable.sty
Package: longtable 2021-09-01 v4.17 Multi-page Table package (DPC)
\LTleft=\skip62
\LTright=\skip63
\LTpre=\skip64
\LTpost=\skip65
\LTchunksize=\count267
\LTcapwidth=\dimen152
\LT@head=\box51
\LT@firsthead=\box52
\LT@foot=\box53
\LT@lastfoot=\box54
\LT@gbox=\box55
\LT@cols=\count268
\LT@rows=\count269
\c@LT@tables=\count270
\c@LT@chunks=\count271
\LT@p@ftn=\toks20
)
(C:\Users\arthu\AppData\Local\Programs\MiKTeX\tex/latex/tools\array.sty
Package: array 2022/09/04 v2.5g Tabular extension package (FMi)
\col@sep=\dimen153
\ar@mcellbox=\box56
\extrarowheight=\dimen154
\NC@list=\toks21
\extratabsurround=\skip66
\backup@length=\skip67
\ar@cellbox=\box57
)
(C:\Users\arthu\AppData\Local\Programs\MiKTeX\tex/latex/tools\tabularx.sty
Package: tabularx 2020/01/15 v2.11c `tabularx' package (DPC)
\TX@col@width=\dimen155
\TX@old@table=\dimen156
\TX@old@col=\dimen157
\TX@target=\dimen158
\TX@delta=\dimen159
\TX@cols=\count272
\TX@ftn=\toks22
)
(makeglo.sty
Package: makeglo 
\glossentrylen=\skip68
)
(C:\Users\arthu\AppData\Local\Programs\MiKTeX\tex/latex/graphics\color.sty
Package: color 2022/01/06 v1.3d Standard LaTeX Color (DPC)

(C:\Users\arthu\AppData\Local\Programs\MiKTeX\tex/latex/graphics-cfg\color.cfg
File: color.cfg 2016/01/02 v1.6 sample color configuration
)
Package color Info: Driver file: pdftex.def on input line 149.

(C:\Users\arthu\AppData\Local\Programs\MiKTeX\tex/latex/graphics-def\pdftex.def
File: pdftex.def 2022/09/22 v1.2b Graphics/color driver for pdftex
)
(C:\Users\arthu\AppData\Local\Programs\MiKTeX\tex/latex/graphics\mathcolor.ltx)
) (C:\Users\arthu\AppData\Local\Programs\MiKTeX\tex/latex/hyphenat\hyphenat.sty
Package: hyphenat 2009/09/02 v2.3c hyphenation utilities
\langwohyphens=\language80
LaTeX Info: Redefining \_ on input line 43.
) (C:\Users\arthu\AppData\Local\Programs\MiKTeX\tex/latex/base\makeidx.sty
Package: makeidx 2021/10/04 v1.0m Standard LaTeX package
)
(C:\Users\arthu\AppData\Local\Programs\MiKTeX\tex/latex/hyperref\hyperref.sty
Package: hyperref 2023-02-07 v7.00v Hypertext links for LaTeX

(C:\Users\arthu\AppData\Local\Programs\MiKTeX\tex/generic/ltxcmds\ltxcmds.sty
Package: ltxcmds 2020-05-10 v1.25 LaTeX kernel commands for general use (HO)
)
(C:\Users\arthu\AppData\Local\Programs\MiKTeX\tex/generic/pdftexcmds\pdftexcmds
.sty
Package: pdftexcmds 2020-06-27 v0.33 Utility functions of pdfTeX for LuaTeX (HO
)

(C:\Users\arthu\AppData\Local\Programs\MiKTeX\tex/generic/infwarerr\infwarerr.s
ty
Package: infwarerr 2019/12/03 v1.5 Providing info/warning/error messages (HO)
)
Package pdftexcmds Info: \pdf@primitive is available.
Package pdftexcmds Info: \pdf@ifprimitive is available.
Package pdftexcmds Info: \pdfdraftmode found.
)
(C:\Users\arthu\AppData\Local\Programs\MiKTeX\tex/latex/kvsetkeys\kvsetkeys.sty
Package: kvsetkeys 2022-10-05 v1.19 Key value parser (HO)
)
(C:\Users\arthu\AppData\Local\Programs\MiKTeX\tex/generic/kvdefinekeys\kvdefine
keys.sty
Package: kvdefinekeys 2019-12-19 v1.6 Define keys (HO)
)
(C:\Users\arthu\AppData\Local\Programs\MiKTeX\tex/generic/pdfescape\pdfescape.s
ty
Package: pdfescape 2019/12/09 v1.15 Implements pdfTeX's escape features (HO)
) (C:\Users\arthu\AppData\Local\Programs\MiKTeX\tex/latex/hycolor\hycolor.sty
Package: hycolor 2020-01-27 v1.10 Color options for hyperref/bookmark (HO)
)
(C:\Users\arthu\AppData\Local\Programs\MiKTeX\tex/latex/letltxmacro\letltxmacro
.sty
Package: letltxmacro 2019/12/03 v1.6 Let assignment for LaTeX macros (HO)
)
(C:\Users\arthu\AppData\Local\Programs\MiKTeX\tex/latex/auxhook\auxhook.sty
Package: auxhook 2019-12-17 v1.6 Hooks for auxiliary files (HO)
)
(C:\Users\arthu\AppData\Local\Programs\MiKTeX\tex/latex/hyperref\nameref.sty
Package: nameref 2022-05-17 v2.50 Cross-referencing by name of section

(C:\Users\arthu\AppData\Local\Programs\MiKTeX\tex/latex/refcount\refcount.sty
Package: refcount 2019/12/15 v3.6 Data extraction from label references (HO)
)
(C:\Users\arthu\AppData\Local\Programs\MiKTeX\tex/generic/gettitlestring\gettit
lestring.sty
Package: gettitlestring 2019/12/15 v1.6 Cleanup title references (HO)

(C:\Users\arthu\AppData\Local\Programs\MiKTeX\tex/latex/kvoptions\kvoptions.sty
Package: kvoptions 2022-06-15 v3.15 Key value format for package options (HO)
))
\c@section@level=\count273
)
\@linkdim=\dimen160
\Hy@linkcounter=\count274
\Hy@pagecounter=\count275
 (C:\Users\arthu\AppData\Local\Programs\MiKTeX\tex/latex/hyperref\pd1enc.def
File: pd1enc.def 2023-02-07 v7.00v Hyperref: PDFDocEncoding definition (HO)
Now handling font encoding PD1 ...
... no UTF-8 mapping file for font encoding PD1
) (C:\Users\arthu\AppData\Local\Programs\MiKTeX\tex/generic/intcalc\intcalc.sty
Package: intcalc 2019/12/15 v1.3 Expandable calculations with integers (HO)
)
(C:\Users\arthu\AppData\Local\Programs\MiKTeX\tex/generic/etexcmds\etexcmds.sty
Package: etexcmds 2019/12/15 v1.7 Avoid name clashes with e-TeX commands (HO)
)
\Hy@SavedSpaceFactor=\count276
 (C:\Users\arthu\AppData\Local\Programs\MiKTeX\tex/latex/hyperref\puenc.def
File: puenc.def 2023-02-07 v7.00v Hyperref: PDF Unicode definition (HO)
Now handling font encoding PU ...
... no UTF-8 mapping file for font encoding PU
)
Package hyperref Info: Option `debug' set `true' on input line 4060.


Package hyperref Warning: Option `a4paper' is no longer used.

Package hyperref Info: Option `breaklinks' set `true' on input line 4060.
Package hyperref Info: Option `bookmarksopen' set `true' on input line 4060.
Package hyperref Info: Option `colorlinks' set `true' on input line 4060.
Package hyperref Info: Option `bookmarksnumbered' set `true' on input line 4060
.
Package hyperref Info: Option `hyperindex' set `true' on input line 4060.
Package hyperref Info: Option `verbose' set `true' on input line 4060.
Package hyperref Info: Hyper figures OFF on input line 4177.
Package hyperref Info: Link nesting OFF on input line 4182.
Package hyperref Info: Hyper index ON on input line 4185.
Package hyperref Info: Plain pages OFF on input line 4192.
Package hyperref Info: Backreferencing ON on input line 4195.
Package hyperref Info: Implicit mode ON; LaTeX internals redefined.
Package hyperref Info: Bookmarks ON on input line 4425.
(C:\Users\arthu\AppData\Local\Programs\MiKTeX\tex/latex/hyperref\backref.sty
Package: backref 2021/02/04 v1.41 Bibliographical back referencing

(C:\Users\arthu\AppData\Local\Programs\MiKTeX\tex/latex/rerunfilecheck\rerunfil
echeck.sty
Package: rerunfilecheck 2022-07-10 v1.10 Rerun checks for auxiliary files (HO)

(C:\Users\arthu\AppData\Local\Programs\MiKTeX\tex/latex/base\atveryend-ltx.sty
Package: atveryend-ltx 2020/08/19 v1.0a Emulation of the original atveryend pac
kage
with kernel methods
)
(C:\Users\arthu\AppData\Local\Programs\MiKTeX\tex/generic/uniquecounter\uniquec
ounter.sty
Package: uniquecounter 2019/12/15 v1.4 Provide unlimited unique counter (HO)

(C:\Users\arthu\AppData\Local\Programs\MiKTeX\tex/generic/bigintcalc\bigintcalc
.sty
Package: bigintcalc 2019/12/15 v1.5 Expandable calculations on big integers (HO
)
))
Package uniquecounter Info: New unique counter `rerunfilecheck' on input line 2
85.
))
\c@Hy@tempcnt=\count277
 (C:\Users\arthu\AppData\Local\Programs\MiKTeX\tex/latex/url\url.sty
\Urlmuskip=\muskip16
Package: url 2013/09/16  ver 3.4  Verb mode for urls, etc.
)
LaTeX Info: Redefining \url on input line 4763.
\XeTeXLinkMargin=\dimen161

(C:\Users\arthu\AppData\Local\Programs\MiKTeX\tex/generic/bitset\bitset.sty
Package: bitset 2019/12/09 v1.3 Handle bit-vector datatype (HO)
)
\Fld@menulength=\count278
\Field@Width=\dimen162
\Fld@charsize=\dimen163
Package hyperref Info: Hyper figures OFF on input line 6042.
Package hyperref Info: Link nesting OFF on input line 6047.
Package hyperref Info: Hyper index ON on input line 6050.
Package hyperref Info: backreferencing ON on input line 6055.
Package hyperref Info: Link coloring ON on input line 6060.
Package hyperref Info: Link coloring with OCG OFF on input line 6067.
Package hyperref Info: PDF/A mode OFF on input line 6072.

(C:\Users\arthu\AppData\Local\Programs\MiKTeX\tex/latex/base\atbegshi-ltx.sty
Package: atbegshi-ltx 2021/01/10 v1.0c Emulation of the original atbegshi
package with kernel methods
)
\Hy@abspage=\count279
\c@Item=\count280
\c@Hfootnote=\count281
)
Package hyperref Info: Driver (autodetected): hpdftex.
(C:\Users\arthu\AppData\Local\Programs\MiKTeX\tex/latex/hyperref\hpdftex.def
File: hpdftex.def 2023-02-07 v7.00v Hyperref driver for pdfTeX
\Fld@listcount=\count282
\c@bookmark@seq@number=\count283
\Hy@SectionHShift=\skip69
)
(C:\Users\arthu\AppData\Local\Programs\MiKTeX\tex/latex/ae\ae.sty
Package: ae 2001/02/12 1.3 Almost European Computer Modern

(C:\Users\arthu\AppData\Local\Programs\MiKTeX\tex/latex/base\fontenc.sty
Package: fontenc 2021/04/29 v2.0v Standard LaTeX package
))
(C:\Users\arthu\AppData\Local\Programs\MiKTeX\tex/latex/graphics\graphicx.sty
Package: graphicx 2021/09/16 v1.2d Enhanced LaTeX Graphics (DPC,SPQR)

(C:\Users\arthu\AppData\Local\Programs\MiKTeX\tex/latex/graphics\graphics.sty
Package: graphics 2022/03/10 v1.4e Standard LaTeX Graphics (DPC,SPQR)

(C:\Users\arthu\AppData\Local\Programs\MiKTeX\tex/latex/graphics\trig.sty
Package: trig 2021/08/11 v1.11 sin cos tan (DPC)
)
(C:\Users\arthu\AppData\Local\Programs\MiKTeX\tex/latex/graphics-cfg\graphics.c
fg
File: graphics.cfg 2016/06/04 v1.11 sample graphics configuration
)
Package graphics Info: Driver file: pdftex.def on input line 107.
)
\Gin@req@height=\dimen164
\Gin@req@width=\dimen165
)
(C:\Users\arthu\AppData\Local\Programs\MiKTeX\tex/latex/geometry\geometry.sty
Package: geometry 2020/01/02 v5.9 Page Geometry

(C:\Users\arthu\AppData\Local\Programs\MiKTeX\tex/generic/iftex\ifvtex.sty
Package: ifvtex 2019/10/25 v1.7 ifvtex legacy package. Use iftex instead.
)
\Gm@cnth=\count284
\Gm@cntv=\count285
\c@Gm@tempcnt=\count286
\Gm@bindingoffset=\dimen166
\Gm@wd@mp=\dimen167
\Gm@odd@mp=\dimen168
\Gm@even@mp=\dimen169
\Gm@layoutwidth=\dimen170
\Gm@layoutheight=\dimen171
\Gm@layouthoffset=\dimen172
\Gm@layoutvoffset=\dimen173
\Gm@dimlist=\toks23

(C:\Users\arthu\AppData\Local\Programs\MiKTeX\tex/latex/geometry\geometry.cfg))
(abntcite.sty (cvs-id.def)
Package: abntcite 2003/10/13 v1.26 Chamadas de referencias no texto (NBR10520)
 (abntex-abrev.sty (cvs-id.def)
Package: abntex-abrev 2003/10/13 v1.3 Abreviacoes
 (nbr10522-1988.def
(cvs-id.def)
File: nbr10522-1988.def 2003/10/13 v1.2 Abreviacoes bibliograficas (NBR10522:19
88)
) (abntex-abrev-pt_BR.def (cvs-id.def)
File: abntex-abrev-pt_BR.def 2003/10/13 v1.2 definicao de abntex-abrev, traduca
o de termos en_US/pt_BR
)) (nbr10520-2002.def
(cvs-id.def)
File: nbr10520-2002.def 2003/10/13 v1.2 Definicoes para abntcite (NBR10520:2002
)
)
\minimumbiblabelwidth=\skip70
\ABCIauxlen=\skip71
\c@ABCIaux=\count287
\c@ABCImax=\count288

(C:\Users\arthu\AppData\Local\Programs\MiKTeX\tex/latex/relsize\relsize.sty
Package: relsize 2013/03/29 ver 4.1
)
\biblabelsep=\skip72
LaTeX Info: Redefining \newblock on input line 562.
LaTeX Info: Redefining \cite on input line 589.
\ABCItoken=\toks24
)
\c@mecounter=\count289
\c@kwcipcounter=\count290
\nohyphen=\language81
)
(C:\Users\arthu\AppData\Local\Programs\MiKTeX\tex/latex/graphics\epsfig.sty
Package: epsfig 2017/06/25 v1.7b (e)psfig emulation (SPQR)
\epsfxsize=\dimen174
\epsfysize=\dimen175
)
(C:\Users\arthu\AppData\Local\Programs\MiKTeX\tex/latex/amsmath\amsmath.sty
Package: amsmath 2022/04/08 v2.17n AMS math features
\@mathmargin=\skip73

For additional information on amsmath, use the `?' option.
(C:\Users\arthu\AppData\Local\Programs\MiKTeX\tex/latex/amsmath\amstext.sty
Package: amstext 2021/08/26 v2.01 AMS text

(C:\Users\arthu\AppData\Local\Programs\MiKTeX\tex/latex/amsmath\amsgen.sty
File: amsgen.sty 1999/11/30 v2.0 generic functions
\@emptytoks=\toks25
\ex@=\dimen176
))
(C:\Users\arthu\AppData\Local\Programs\MiKTeX\tex/latex/amsmath\amsbsy.sty
Package: amsbsy 1999/11/29 v1.2d Bold Symbols
\pmbraise@=\dimen177
)
(C:\Users\arthu\AppData\Local\Programs\MiKTeX\tex/latex/amsmath\amsopn.sty
Package: amsopn 2022/04/08 v2.04 operator names
)
\inf@bad=\count291
LaTeX Info: Redefining \frac on input line 234.
\uproot@=\count292
\leftroot@=\count293
LaTeX Info: Redefining \overline on input line 399.
LaTeX Info: Redefining \colon on input line 410.
\classnum@=\count294
\DOTSCASE@=\count295
LaTeX Info: Redefining \ldots on input line 496.
LaTeX Info: Redefining \dots on input line 499.
LaTeX Info: Redefining \cdots on input line 620.
\Mathstrutbox@=\box58
\strutbox@=\box59
LaTeX Info: Redefining \big on input line 722.
LaTeX Info: Redefining \Big on input line 723.
LaTeX Info: Redefining \bigg on input line 724.
LaTeX Info: Redefining \Bigg on input line 725.
\big@size=\dimen178
LaTeX Font Info:    Redeclaring font encoding OML on input line 743.
LaTeX Font Info:    Redeclaring font encoding OMS on input line 744.
\macc@depth=\count296
LaTeX Info: Redefining \bmod on input line 905.
LaTeX Info: Redefining \pmod on input line 910.
LaTeX Info: Redefining \smash on input line 940.
LaTeX Info: Redefining \relbar on input line 970.
LaTeX Info: Redefining \Relbar on input line 971.
\c@MaxMatrixCols=\count297
\dotsspace@=\muskip17
\c@parentequation=\count298
\dspbrk@lvl=\count299
\tag@help=\toks26
\row@=\count300
\column@=\count301
\maxfields@=\count302
\andhelp@=\toks27
\eqnshift@=\dimen179
\alignsep@=\dimen180
\tagshift@=\dimen181
\tagwidth@=\dimen182
\totwidth@=\dimen183
\lineht@=\dimen184
\@envbody=\toks28
\multlinegap=\skip74
\multlinetaggap=\skip75
\mathdisplay@stack=\toks29
LaTeX Info: Redefining \[ on input line 2953.
LaTeX Info: Redefining \] on input line 2954.
)
(C:\Users\arthu\AppData\Local\Programs\MiKTeX\tex/latex/amsfonts\amssymb.sty
Package: amssymb 2013/01/14 v3.01 AMS font symbols
)
(C:\Users\arthu\AppData\Local\Programs\MiKTeX\tex/latex/subfig\subfig.sty
Package: subfig 2005/06/28 ver: 1.3 subfig package
\c@KVtest=\count303
\sf@farskip=\skip76
\sf@captopadj=\dimen185
\sf@capskip=\skip77
\sf@nearskip=\skip78
\c@subfigure=\count304
\c@subfigure@save=\count305
\c@lofdepth=\count306
\c@subtable=\count307
\c@subtable@save=\count308
\c@lotdepth=\count309
\sf@top=\skip79
\sf@bottom=\skip80
)
(C:\Users\arthu\AppData\Local\Programs\MiKTeX\tex/latex/multirow\multirow.sty
Package: multirow 2021/03/15 v2.8 Span multiple rows of a table
\multirow@colwidth=\skip81
\multirow@cntb=\count310
\multirow@dima=\skip82
\bigstrutjot=\dimen186
)
(C:\Users\arthu\AppData\Local\Programs\MiKTeX\tex/latex/float\float.sty
Package: float 2001/11/08 v1.3d Float enhancements (AL)
\c@float@type=\count311
\float@exts=\toks30
\float@box=\box60
\@float@everytoks=\toks31
\@floatcapt=\box61
)
\@glossaryfile=\write3
\openout3 = `tese.glo'.


Writing glossary file tese.glo 
LaTeX Font Info:    Trying to load font information for T1+aer on input line 11
6.
(C:\Users\arthu\AppData\Local\Programs\MiKTeX\tex/latex/ae\t1aer.fd
File: t1aer.fd 1997/11/16 Font definitions for T1/aer.
)
(C:\Users\arthu\AppData\Local\Programs\MiKTeX\tex/latex/l3backend\l3backend-pdf
tex.def
File: l3backend-pdftex.def 2023-03-30 L3 backend support: PDF output (pdfTeX)
\l__color_backend_stack_int=\count312
\l__pdf_internal_box=\box62
) (tese.aux)
\openout1 = `tese.aux'.

LaTeX Font Info:    Checking defaults for OML/cmm/m/it on input line 116.
LaTeX Font Info:    ... okay on input line 116.
LaTeX Font Info:    Checking defaults for OMS/cmsy/m/n on input line 116.
LaTeX Font Info:    ... okay on input line 116.
LaTeX Font Info:    Checking defaults for OT1/cmr/m/n on input line 116.
LaTeX Font Info:    ... okay on input line 116.
LaTeX Font Info:    Checking defaults for T1/cmr/m/n on input line 116.
LaTeX Font Info:    ... okay on input line 116.
LaTeX Font Info:    Checking defaults for TS1/cmr/m/n on input line 116.
LaTeX Font Info:    ... okay on input line 116.
LaTeX Font Info:    Checking defaults for OMX/cmex/m/n on input line 116.
LaTeX Font Info:    ... okay on input line 116.
LaTeX Font Info:    Checking defaults for U/cmr/m/n on input line 116.
LaTeX Font Info:    ... okay on input line 116.
LaTeX Font Info:    Checking defaults for PD1/pdf/m/n on input line 116.
LaTeX Font Info:    ... okay on input line 116.
LaTeX Font Info:    Checking defaults for PU/pdf/m/n on input line 116.
LaTeX Font Info:    ... okay on input line 116.
Package caption Info: Begin \AtBeginDocument code.
Package caption Info: subfig package v1.3 is loaded.
Package caption Info: float package is loaded.
Package caption Info: hyperref package is loaded.
Package caption Info: longtable package is loaded.

(C:\Users\arthu\AppData\Local\Programs\MiKTeX\tex/latex/caption\ltcaption.sty
Package: ltcaption 2021/01/08 v1.4c longtable captions (AR)
)
Package caption Info: End \AtBeginDocument code.

(C:\Users\arthu\AppData\Local\Programs\MiKTeX\tex/context/base/mkii\supp-pdf.mk
ii
[Loading MPS to PDF converter (version 2006.09.02).]
\scratchcounter=\count313
\scratchdimen=\dimen187
\scratchbox=\box63
\nofMPsegments=\count314
\nofMParguments=\count315
\everyMPshowfont=\toks32
\MPscratchCnt=\count316
\MPscratchDim=\dimen188
\MPnumerator=\count317
\makeMPintoPDFobject=\count318
\everyMPtoPDFconversion=\toks33
)
(C:\Users\arthu\AppData\Local\Programs\MiKTeX\tex/latex/epstopdf-pkg\epstopdf-b
ase.sty
Package: epstopdf-base 2020-01-24 v2.11 Base part for package epstopdf
Package epstopdf-base Info: Redefining graphics rule for `.eps' on input line 4
85.

(C:\Users\arthu\AppData\Local\Programs\MiKTeX\tex/latex/00miktex\epstopdf-sys.c
fg
File: epstopdf-sys.cfg 2021/03/18 v2.0 Configuration of epstopdf for MiKTeX
))
Package hyperref Info: Link coloring ON on input line 116.
 (tese.out) (tese.out)
\@outlinefile=\write4
\openout4 = `tese.out'.

Package hyperref Info: Anchor `Doc-Start' on input line 116.

*geometry* detected driver: pdftex
*geometry* verbose mode - [ preamble ] result:
* driver: pdftex
* paper: a4paper
* layout: <same size as paper>
* layoutoffset:(h,v)=(0.0pt,0.0pt)
* modes: 
* h-part:(L,W,R)=(85.35826pt, 455.24411pt, 56.9055pt)
* v-part:(T,H,B)=(85.35826pt, 702.78308pt, 56.9055pt)
* \paperwidth=597.50787pt
* \paperheight=845.04684pt
* \textwidth=455.24411pt
* \textheight=702.78308pt
* \oddsidemargin=13.08827pt
* \evensidemargin=13.08827pt
* \topmargin=-17.07156pt
* \headheight=15.93347pt
* \headsep=14.22636pt
* \topskip=12.0pt
* \footskip=35.2414pt
* \marginparwidth=38.0pt
* \marginparsep=7.0pt
* \columnsep=10.0pt
* \skip\footins=10.8pt plus 4.0pt minus 2.0pt
* \hoffset=0.0pt
* \voffset=0.0pt
* \mag=1000
* \@twocolumnfalse
* \@twosidefalse
* \@mparswitchfalse
* \@reversemarginfalse
* (1in=72.27pt=25.4mm, 1cm=28.453pt)

\c@butlastpage=\count319
Package hyperref Info: Anchor `cover.0' on input line 118.
<Cap0/ita_logo.jpg, id=111, 612.3678pt x 234.8775pt>
File: Cap0/ita_logo.jpg Graphic file (type jpg)
<use Cap0/ita_logo.jpg>
Package pdftex.def Info: Cap0/ita_logo.jpg  used on input line 118.
(pdftex.def)             Requested size: 227.62206pt x 87.3047pt.
LaTeX Font Info:    Trying to load font information for U+msa on input line 118
.
(C:\Users\arthu\AppData\Local\Programs\MiKTeX\tex/latex/amsfonts\umsa.fd
File: umsa.fd 2013/01/14 v3.01 AMS symbols A
)
LaTeX Font Info:    Trying to load font information for U+msb on input line 118
.

(C:\Users\arthu\AppData\Local\Programs\MiKTeX\tex/latex/amsfonts\umsb.fd
File: umsb.fd 2013/01/14 v3.01 AMS symbols B
)
Overfull \hbox (5.57451pt too wide) in paragraph at lines 118--118
[] []
 []


Underfull \hbox (badness 10000) in paragraph at lines 118--118

 []

Package hyperref Info: Anchor `titulo.0' on input line 118.
Package hyperref Info: Anchor `page.i' on input line 118.
[1



{C:/Users/arthu/AppData/Local/MiKTeX/fonts/map/pdftex/pdftex.map} <./Cap0/ita_l
ogo.jpg>]
Package hyperref Info: Anchor `page.ii' on input line 118.
 [2]
Package hyperref Info: Anchor `cip.0' on input line 118.
LaTeX Font Info:    Trying to load font information for TS1+aer on input line 1
18.
LaTeX Font Info:    No file TS1aer.fd. on input line 118.


LaTeX Font Warning: Font shape `TS1/aer/m/n' undefined
(Font)              using `TS1/cmr/m/n' instead
(Font)              for symbol `textonehalf' on input line 118.


Underfull \hbox (badness 10000) in paragraph at lines 118--118

 []

Package hyperref Info: Anchor `page.iii' on input line 118.
[3]
Package hyperref Info: Anchor `aprovacao.0' on input line 118.
Package hyperref Info: Anchor `page.iv' on input line 118.
 [4]
Package hyperref Info: Anchor `dedication.0' on input line 121.
Package hyperref Info: Anchor `page.iv' on input line 123.

pdfTeX warning (ext4): destination with the same identifier (name{page.iv}) has
 been already used, duplicate ignored
<to be read again> 
                   \relax 
l.123 \end{itadedication}
                          [4]
Package hyperref Info: Anchor `chapter*.1' on input line 127.
Package hyperref Info: Anchor `acknowledgment.0' on input line 127.
 (Cap0/agradecimentos.tex)
Package hyperref Info: Anchor `page.v' on input line 128.
 [5

]
Package hyperref Info: Anchor `epigrafe.0' on input line 132.
LaTeX Font Info:    Trying to load font information for T1+aess on input line 1
36.

(C:\Users\arthu\AppData\Local\Programs\MiKTeX\tex/latex/ae\t1aess.fd
File: t1aess.fd 1997/11/16 Font definitions for T1/aess.
)
LaTeX Font Info:    Font shape `T1/aess/m/it' in size <12> not available
(Font)              Font shape `T1/aess/m/sl' tried instead on input line 136.
Package hyperref Info: Anchor `page.vi' on input line 144.
 [6]
Package hyperref Info: Anchor `chapter*.2' on input line 144.
Package hyperref Info: Anchor `resumo.0' on input line 144.

(Cap0/resumo.tex)
Package hyperref Info: Anchor `page.vii' on input line 150.
 [7

]
Package hyperref Info: Anchor `chapter*.3' on input line 150.
Package hyperref Info: Anchor `abstract.0' on input line 150.
 (Cap0/abstract.tex)
Package hyperref Info: Anchor `page.viii' on input line 156.
 [8

]
Package hyperref Info: Anchor `chapter*.4' on input line 156.
Package hyperref Info: Anchor `listafiguras.0' on input line 156.
 (tese.lof
Package hyperref Info: Reference (link) `figure.caption.10' on input line 7.
)
\tf@lof=\write5
\openout5 = `tese.lof'.

Package hyperref Info: Anchor `page.ix' on input line 159.
 [9

Package `hyperref' Info: End of reference (link) `figure.caption.10', line 7.
]
Package hyperref Info: Anchor `chapter*.5' on input line 159.
Package hyperref Info: Anchor `listatabelas.0' on input line 159.
 (tese.lot)
\tf@lot=\write6
\openout6 = `tese.lot'.

Package hyperref Info: Anchor `page.x' on input line 162.

[10

]
Package hyperref Info: Anchor `chapter*.6' on input line 162.
Package hyperref Info: Anchor `listaabreviaturas.0' on input line 162.
 (tese.lof)
\tf@lof=\write7
\openout7 = `tese.lof'.

 (Cap0/listaabreviaturas.tex
Package hyperref Info: Anchor `table.0.1' on input line 15.
)
Package hyperref Info: Anchor `page.xi' on input line 166.
 [11

]
Package hyperref Info: Anchor `chapter*.7' on input line 166.
Package hyperref Info: Anchor `listasimbolos.0' on input line 166.
 (tese.lof)
\tf@lof=\write8
\openout8 = `tese.lof'.


(Cap0/listasimbolos.tex
Package hyperref Info: Anchor `table.0.2' on input line 9.
)
Package hyperref Info: Anchor `page.xii' on input line 170.
 [12

]
Package hyperref Info: Anchor `chapter*.8' on input line 170.
Package hyperref Info: Anchor `contents.0' on input line 170.
 (tese.toc
Underfull \hbox (badness 10000) in paragraph at lines 2--2
 []  
 []

Package hyperref Info: Reference (link) `chapter.1' on input line 2.
Package hyperref Info: Reference (link) `section.1.1' on input line 3.
Package hyperref Info: Reference (link) `section.1.2' on input line 4.
Package hyperref Info: Reference (link) `section.1.3' on input line 5.

Underfull \hbox (badness 10000) in paragraph at lines 6--6
 []  
 []

Package hyperref Info: Reference (link) `chapter.2' on input line 6.

Underfull \hbox (badness 10000) in paragraph at lines 7--7
 []  
 []

Package hyperref Info: Reference (link) `chapter.3' on input line 7.

Underfull \hbox (badness 10000) in paragraph at lines 8--8
 []  
 []

Package hyperref Info: Reference (link) `chapter.4' on input line 8.

Underfull \hbox (badness 10000) in paragraph at lines 9--9
 []  
 []

Package hyperref Info: Reference (link) `chapter.5' on input line 9.

Underfull \hbox (badness 10000) in paragraph at lines 11--11
 []  
 []

Package hyperref Info: Reference (link) `appendix.A' on input line 11.

LaTeX Font Warning: Font shape `TS1/aer/m/sc' undefined
(Font)              using `TS1/aer/m/n' instead
(Font)              for symbol `textonehalf' on input line 11.

Package hyperref Info: Reference (link) `section.A.1' on input line 12.

Underfull \hbox (badness 10000) in paragraph at lines 14--14
 []  
 []

Package hyperref Info: Reference (link) `annex.a' on input line 14.
Package hyperref Info: Reference (link) `section.a.1' on input line 15.
)
\tf@toc=\write9
\openout9 = `tese.toc'.

Package hyperref Info: Anchor `page.xiii' on input line 172.
 [13

Package `hyperref' Info: End of reference (link) `chapter.1', line 2.
Package `hyperref' Info: End of reference (link) `section.1.1', line 3.
Package `hyperref' Info: End of reference (link) `section.1.2', line 4.
Package `hyperref' Info: End of reference (link) `section.1.3', line 5.
Package `hyperref' Info: End of reference (link) `chapter.2', line 6.
Package `hyperref' Info: End of reference (link) `chapter.3', line 7.
Package `hyperref' Info: End of reference (link) `chapter.4', line 8.
Package `hyperref' Info: End of reference (link) `chapter.5', line 9.
Package `hyperref' Info: End of reference (link) `appendix.A', line 11.
Package `hyperref' Info: End of reference (link) `section.A.1', line 12.
Package `hyperref' Info: End of reference (link) `annex.a', line 14.
Package `hyperref' Info: End of reference (link) `section.a.1', line 15.
]
Package hyperref Info: Anchor `chapter.1' on input line 175.

Chapter 1.
pdftex: bookmark at 175: {1} {\numberline{1}Introduction} {chapter.1}{0}{toc}
(Cap1/cap1.tex
Package hyperref Info: Reference (link) `section.1.1' on input line 3.
Package hyperref Info: Reference (link) `section.1.2' on input line 3.
Package hyperref Info: Reference (link) `section.1.3' on input line 3.
Package hyperref Info: Anchor `section.1.1' on input line 5.

pdftex: bookmark at 5: {1.1} {\numberline{1.1}Motivation} {section.1.1}{1}{toc}

Package hyperref Info: Reference (cite) `cite.ShieldsR2012' on input line 7.
Package hyperref Info: Reference (cite) `cite.ShieldsR2012' on input line 7.
Package hyperref Info: Reference (cite) `cite.Sadik2010' on input line 9.
Package hyperref Info: Reference (cite) `cite.Sadik2010' on input line 9.
Package hyperref Info: Reference (cite) `cite.KivelevitchCohen2010' on input li
ne 9.
Package hyperref Info: Reference (cite) `cite.KivelevitchCohen2010' on input li
ne 9.
Package hyperref Info: Anchor `page.14' on input line 10.
[14


Package `hyperref' Info: End of reference (link) `section.1.1', line 3.
Package `hyperref' Info: End of reference (link) `section.1.2', line 3.
Package `hyperref' Info: End of reference (link) `section.1.3', line 3.
Package `hyperref' Info: End of reference (cite) `cite.ShieldsR2012', line 7.
Package `hyperref' Info: End of reference (cite) `cite.ShieldsR2012', line 7.
Package `hyperref' Info: End of reference (cite) `cite.Sadik2010', line 9.
Package `hyperref' Info: End of reference (cite) `cite.Sadik2010', line 9.
Package `hyperref' Info: End of reference (cite) `cite.KivelevitchCohen2010', l
ine 9.
Package `hyperref' Info: End of reference (cite) `cite.KivelevitchCohen2010', l
ine 9.
]
Package hyperref Info: Anchor `section.1.2' on input line 15.

pdftex: bookmark at 15: {1.2} {\numberline{1.2}Related work} {section.1.2}{1}{t
oc}
Package hyperref Info: Anchor `section.1.3' on input line 19.
pdftex: bookmark at 19: {1.3} {\numberline{1.3}Definitions} {section.1.3}{1}{to
c}
)
Package hyperref Info: Anchor `page.15' on input line 178.
 [15]
Package hyperref Info: Anchor `chapter.2' on input line 178.

Chapter 2.
pdftex: bookmark at 178: {2} {\numberline{2}Models} {chapter.2}{0}{toc}
(Cap2/cap2.tex)
Package hyperref Info: Anchor `page.16' on input line 181.
 [16

]
Package hyperref Info: Anchor `chapter.3' on input line 181.

Chapter 3.
pdftex: bookmark at 181: {3} {\numberline{3}Results} {chapter.3}{0}{toc}
(Cap3/cap3.tex)
Package hyperref Info: Anchor `page.17' on input line 184.
 [17

]
Package hyperref Info: Anchor `chapter.4' on input line 184.

Chapter 4.
pdftex: bookmark at 184: {4} {\numberline{4}Next steps} {chapter.4}{0}{toc}
(Cap4/cap4.tex) (tese.bbl (tese.brf)
\tf@brf=\write10
\openout10 = `tese.brf'.

Package hyperref Info: Anchor `page.18' on input line 3.
 [18

]
Package hyperref Info: Anchor `chapter*.9' on input line 3.
Package hyperref Info: Anchor `chapter.5' on input line 3.

pdftex: bookmark at 3: {5} {Bibliography} {chapter.5}{0}{toc}
Package hyperref Info: Anchor `cite.KivelevitchCohen2010' on input line 11.
Package hyperref Info: Anchor `cite.MuhammadAN' on input line 15.
! Undefined control sequence.
<argument> ...1. Available at: \htmladdnormallink 
                                                  {$<$https:\-/\-/www\-.gith...
l.15 
     
The control sequence at the end of the top line
of your error message was never \def'ed. If you have
misspelled it (e.g., `\hobx'), type `I' and the correct
spelling (e.g., `I\hbox'). Otherwise just continue,
and I'll forget about whatever was undefined.

Package hyperref Info: Anchor `cite.Sadik2010' on input line 19.
! Misplaced alignment tab character &.
<argument> ...Farid, H. M. A. B., Rashid, T. U., &
                                                   Syeed, A. (2010). \textbf...
l.19 
     
I can't figure out why you would want to use a tab mark
here. If you just want an ampersand, the remedy is
simple: Just type `I\&' now. But if some right brace
up above has ended a previous alignment prematurely,
you're probably due for more error messages, and you
might try typing `S' now just to see what is salvageable.

Package hyperref Info: Anchor `cite.ShieldsR2012' on input line 23.
! Undefined control sequence.
<argument> ...l Topology: The Seven Bridges of K\¨
                                                  {o}nigsburg, 1736.
l.23 
     
The control sequence at the end of the top line
of your error message was never \def'ed. If you have
misspelled it (e.g., `\hobx'), type `I' and the correct
spelling (e.g., `I\hbox'). Otherwise just continue,
and I'll forget about whatever was undefined.

! Undefined control sequence.
<argument> ...y, Culture \& Society, 29(4-5), 43\?
                                                  -57. doi:10.1177/026327641...
l.23 
     
The control sequence at the end of the top line
of your error message was never \def'ed. If you have
misspelled it (e.g., `\hobx'), type `I' and the correct
spelling (e.g., `I\hbox'). Otherwise just continue,
and I'll forget about whatever was undefined.

Package hyperref Info: Anchor `cite.Arystides1994' on input line 31.
Package hyperref Info: Anchor `cite.Assenmacher1993' on input line 39.
Package hyperref Info: Anchor `cite.Callaghan1995' on input line 45.
Package hyperref Info: Anchor `cite.Caromel1998' on input line 55.
! Undefined control sequence.
<argument> ...on{\'\i }vel em: \htmladdnormallink 
                                                  {$<$http:\-/\-/www-sop\-.i...
l.55 
     
The control sequence at the end of the top line
of your error message was never \def'ed. If you have
misspelled it (e.g., `\hobx'), type `I' and the correct
spelling (e.g., `I\hbox'). Otherwise just continue,
and I'll forget about whatever was undefined.

Package hyperref Info: Anchor `cite.COFFEE2000' on input line 61.
Package hyperref Info: Anchor `cite.Furmento1995' on input line 69.
! Undefined control sequence.
<argument> ...on{\'\i }vel em: \htmladdnormallink 
                                                  {$<$http:\-/\-/www-sop\-.i...
l.69 
     
The control sequence at the end of the top line
of your error message was never \def'ed. If you have
misspelled it (e.g., `\hobx'), type `I' and the correct
spelling (e.g., `I\hbox'). Otherwise just continue,
and I'll forget about whatever was undefined.

Package hyperref Info: Anchor `cite.ITALUS2004' on input line 76.
! Undefined control sequence.
<argument> ...on{\'\i }vel em: \htmladdnormallink 
                                                  {$<$http:\-/\-/www\-.comp\...
l.76 
     
The control sequence at the end of the top line
of your error message was never \def'ed. If you have
misspelled it (e.g., `\hobx'), type `I' and the correct
spelling (e.g., `I\hbox'). Otherwise just continue,
and I'll forget about whatever was undefined.

Package hyperref Info: Anchor `page.19' on input line 82.
[19

]
Package hyperref Info: Anchor `cite.Joea2003' on input line 82.
Package hyperref Info: Anchor `cite.Morgado2003' on input line 89.
Package hyperref Info: Anchor `cite.Nascimento1970' on input line 96.
Package hyperref Info: Anchor `cite.Patagonios2001' on input line 104.
Package hyperref Info: Anchor `cite.Sbornian2002' on input line 115.

! Undefined control sequence.
<argument> ...on{\'\i }vel em: \htmladdnormallink 
                                                  {$<$http:\-/\-/www\-.santa...
l.115 
      
The control sequence at the end of the top line
of your error message was never \def'ed. If you have
misspelled it (e.g., `\hobx'), type `I' and the correct
spelling (e.g., `I\hbox'). Otherwise just continue,
and I'll forget about whatever was undefined.

Package hyperref Info: Anchor `cite.Sbornian2004' on input line 123.
Package hyperref Info: Anchor `cite.Silberschatz1991' on input line 128.
)
Package hyperref Info: Anchor `page.20' on input line 192.
 [20]
Package hyperref Info: Anchor `appendix.A' on input line 193.

Appendix A.
pdftex: bookmark at 193: {A} {\numberline{A}T\IeC {\"\i }\IeC {\textquestiondow
n }\IeC {\textonehalf }picos de Dilema Linear} {appendix.A}{0}{toc}

LaTeX Font Warning: Font shape `TS1/aer/b/n' undefined
(Font)              using `TS1/aer/m/n' instead
(Font)              for symbol `textonehalf' on input line 193.

(ApeA/apendiceA.tex
Package hyperref Info: Anchor `section.A.1' on input line 1.

pdftex: bookmark at 1: {A.1} {\numberline{A.1}Uma Primeira Se\c c\~ao para o Ap
\^endice} {section.A.1}{1}{toc}
Package hyperref Info: Anchor `equation.A.1.1' on input line 6.
Package hyperref Info: Anchor `equation.A.1.1' on input line 6.
Package hyperref Info: Anchor `equation.A.1.1' on input line 6.
Package hyperref Info: Anchor `equation.A.1.1' on input line 6.
Package hyperref Info: Anchor `figure.caption.10' on input line 14.
<ApeA/pragas_ciclo_cupim.pdf, id=266, 401.5pt x 403.5075pt>
File: ApeA/pragas_ciclo_cupim.pdf Graphic file (type pdf)
<use ApeA/pragas_ciclo_cupim.pdf>
Package pdftex.def Info: ApeA/pragas_ciclo_cupim.pdf  used on input line 16.
(pdftex.def)             Requested size: 142.26698pt x 142.26411pt.
pdftex: bookmark at 17: {A.1} {\numberline{A.1}{\ignorespaces Uma figura que es
t\'a no ap\^endice\relax }} {figure.caption.10}{0}{lof}
)
Package hyperref Info: Anchor `page.21' on input line 197.
 [21


 <./ApeA/pragas_ciclo_cupim.pdf>]
Package hyperref Info: Anchor `annex.a' on input line 198.

Annex A.
pdftex: bookmark at 198: {A} {\numberline{A}Exemplo de um Primeiro Anexo} {anne
x.a}{0}{toc}
(AneA/anexoA.tex
Package hyperref Info: Anchor `section.a.1' on input line 2.

pdftex: bookmark at 2: {A.1} {\numberline{A.1}Uma Se\c c\~ao do Primeiro Anexo}
 {section.a.1}{1}{toc}
)
Package hyperref Info: Anchor `page.22' on input line 222.
 [22


]
\bottommargin=\skip83
\rightmarginn=\skip84
Package hyperref Info: Anchor `bla.0' on input line 222.
 (Cap0/resumo.tex) (Cap0/resumo.tex) (Cap0/resumo.tex)
Overfull \hbox (74.53033pt too wide) in paragraph at lines 222--222
[][] 
 []

Package hyperref Info: Anchor `page.23' on input line 224.
[23

] 
enddocument/afterlastpage: lastpage setting LastPage.
(tese.aux)

LaTeX Font Warning: Some font shapes were not available, defaults substituted.


LaTeX Warning: Label(s) may have changed. Rerun to get cross-references right.

Package rerunfilecheck Info: File `tese.out' has not changed.
(rerunfilecheck)             Checksum: 2A83C3A2AE5084A7C02F2EA7FDEAE24C;3686.
Package rerunfilecheck Info: File `tese.brf' has not changed.
(rerunfilecheck)             Checksum: D41D8CD98F00B204E9800998ECF8427E;0.
 ) 
Here is how much of TeX's memory you used:
 15211 strings out of 476331
 252203 string characters out of 5787765
 1863660 words of memory out of 5000000
 35142 multiletter control sequences out of 15000+600000
 571824 words of font info for 140 fonts, out of 8000000 for 9000
 1141 hyphenation exceptions out of 8191
 105i,12n,104p,1083b,617s stack positions out of 10000i,1000n,20000p,200000b,200000s
 <C:\Users\arthu\AppData\Local\MiKTeX\fonts/pk/ljfour/jknappen/ec/dpi600\tcrm
0800.pk> <C:\Users\arthu\AppData\Local\MiKTeX\fonts/pk/ljfour/jknappen/ec/dpi60
0\tcrm2488.pk> <C:\Users\arthu\AppData\Local\MiKTeX\fonts/pk/ljfour/jknappen/ec
/dpi600\tcrm1440.pk> <C:\Users\arthu\AppData\Local\MiKTeX\fonts/pk/ljfour/jknap
pen/ec/dpi600\tcrm1200.pk> <C:\Users\arthu\AppData\Local\MiKTeX\fonts/pk/ljfour
/jknappen/ec/dpi600\tcrm1000.pk><C:/Users/arthu/AppData/Local/Programs/MiKTeX/f
onts/type1/public/amsfonts/cm/cmb10.pfb><C:/Users/arthu/AppData/Local/Programs/
MiKTeX/fonts/type1/public/amsfonts/cm/cmcsc10.pfb><C:/Users/arthu/AppData/Local
/Programs/MiKTeX/fonts/type1/public/amsfonts/cm/cmex10.pfb><C:/Users/arthu/AppD
ata/Local/Programs/MiKTeX/fonts/type1/public/amsfonts/cm/cmmi10.pfb><C:/Users/a
rthu/AppData/Local/Programs/MiKTeX/fonts/type1/public/amsfonts/cm/cmmi12.pfb><C
:/Users/arthu/AppData/Local/Programs/MiKTeX/fonts/type1/public/amsfonts/cm/cmmi
6.pfb><C:/Users/arthu/AppData/Local/Programs/MiKTeX/fonts/type1/public/amsfonts
/cm/cmmi7.pfb><C:/Users/arthu/AppData/Local/Programs/MiKTeX/fonts/type1/public/
amsfonts/cm/cmmi8.pfb><C:/Users/arthu/AppData/Local/Programs/MiKTeX/fonts/type1
/public/amsfonts/cm/cmr10.pfb><C:/Users/arthu/AppData/Local/Programs/MiKTeX/fon
ts/type1/public/amsfonts/cm/cmr12.pfb><C:/Users/arthu/AppData/Local/Programs/Mi
KTeX/fonts/type1/public/amsfonts/cm/cmr17.pfb><C:/Users/arthu/AppData/Local/Pro
grams/MiKTeX/fonts/type1/public/amsfonts/cm/cmr7.pfb><C:/Users/arthu/AppData/Lo
cal/Programs/MiKTeX/fonts/type1/public/amsfonts/cm/cmr8.pfb><C:/Users/arthu/App
Data/Local/Programs/MiKTeX/fonts/type1/public/amsfonts/cm/cmssi12.pfb><C:/Users
/arthu/AppData/Local/Programs/MiKTeX/fonts/type1/public/amsfonts/cm/cmsy10.pfb>
<C:/Users/arthu/AppData/Local/Programs/MiKTeX/fonts/type1/public/amsfonts/cm/cm
sy8.pfb>
Output written on tese.pdf (24 pages, 627774 bytes).
PDF statistics:
 395 PDF objects out of 1000 (max. 8388607)
 82 named destinations out of 1000 (max. 500000)
 227 words of extra memory for PDF output out of 10000 (max. 10000000)

